<?xml version="1.0" encoding="UTF-8" ?>
<testsuite errors="1" failures="0" hostname="Heedon-HP" name="org.newvisionpress.test.TestLinks" tests="1" time="0.167" timestamp="2012-11-08T07:28:08">
  <properties>
    <property name="java.vendor" value="Oracle Corporation" />
    <property name="sun.java.launcher" value="SUN_STANDARD" />
    <property name="eclipse.pdebuild.templates" value="/C:/data/programming/eclipse-juno/plugins/org.eclipse.pde.build_3.8.1.v20120725-202643/templates/" />
    <property name="sun.management.compiler" value="HotSpot 64-Bit Tiered Compilers" />
    <property name="dist" value="J:\data\workspace\nvcpress-web30\dist" />
    <property name="lib" value="J:\data\workspace\nvcpress-web30\lib" />
    <property name="os.name" value="Windows 7" />
    <property name="sun.boot.class.path" value="C:\Program Files\Java\jdk1.7.0_01\jre\lib\resources.jar;C:\Program Files\Java\jdk1.7.0_01\jre\lib\rt.jar;C:\Program Files\Java\jdk1.7.0_01\jre\lib\sunrsasign.jar;C:\Program Files\Java\jdk1.7.0_01\jre\lib\jsse.jar;C:\Program Files\Java\jdk1.7.0_01\jre\lib\jce.jar;C:\Program Files\Java\jdk1.7.0_01\jre\lib\charsets.jar;C:\Program Files\Java\jdk1.7.0_01\jre\classes" />
    <property name="TODAY" value="November 7 2012" />
    <property name="sun.desktop" value="windows" />
    <property name="java.vm.specification.vendor" value="Oracle Corporation" />
    <property name="ant.home" value="C:\data\programming\eclipse-juno\plugins\org.apache.ant_1.8.3.v20120321-1730" />
    <property name="java.runtime.version" value="1.7.0_01-b08" />
    <property name="user.name" value="Heedon" />
    <property name="reports" value="J:\data\workspace\nvcpress-web30\reports" />
    <property name="user.language" value="en" />
    <property name="build" value="J:\data\workspace\nvcpress-web30\build" />
    <property name="sun.boot.library.path" value="C:\Program Files\Java\jdk1.7.0_01\jre\bin" />
    <property name="ant.project.default-target" value="test" />
    <property name="ant.project.name" value="nvcpress-web30" />
    <property name="DSTAMP" value="20121107" />
    <property name="java.version" value="1.7.0_01" />
    <property name="user.timezone" value="" />
    <property name="sun.arch.data.model" value="64" />
    <property name="java.endorsed.dirs" value="C:\Program Files\Java\jdk1.7.0_01\jre\lib\endorsed" />
    <property name="sun.cpu.isalist" value="amd64" />
    <property name="sun.jnu.encoding" value="Cp1252" />
    <property name="file.encoding.pkg" value="sun.io" />
    <property name="file.separator" value="\" />
    <property name="java.specification.name" value="Java Platform API Specification" />
    <property name="java.class.version" value="51.0" />
    <property name="src" value="J:\data\workspace\nvcpress-web30\src" />
    <property name="user.country" value="US" />
    <property name="java.home" value="C:\Program Files\Java\jdk1.7.0_01\jre" />
    <property name="java.vm.info" value="mixed mode" />
    <property name="ant.file" value="J:\data\workspace\nvcpress-web30\build.xml" />
    <property name="os.version" value="6.1" />
    <property name="res" value="J:\data\workspace\nvcpress-web30\res" />
    <property name="project_name" value="nvcpress-web30" />
    <property name="path.separator" value=";" />
    <property name="java.vm.version" value="21.1-b02" />
    <property name="user.variant" value="" />
    <property name="ant.library.dir" value="C:\data\programming\eclipse-juno\plugins\org.apache.ant_1.8.3.v20120321-1730\lib" />
    <property name="java.awt.printerjob" value="sun.awt.windows.WPrinterJob" />
    <property name="sun.io.unicode.encoding" value="UnicodeLittle" />
    <property name="awt.toolkit" value="sun.awt.windows.WToolkit" />
    <property name="user.script" value="" />
    <property name="eclipse.pdebuild.scripts" value="/C:/data/programming/eclipse-juno/plugins/org.eclipse.pde.build_3.8.1.v20120725-202643/scripts/" />
    <property name="user.home" value="C:\Users\Heedon" />
    <property name="java.specification.vendor" value="Oracle Corporation" />
    <property name="ant.file.nvcpress-web30" value="J:\data\workspace\nvcpress-web30\build.xml" />
    <property name="java.library.path" value="C:\Program Files\Java\jdk1.7.0_01\jre\bin;C:\Windows\Sun\Java\bin;C:\Windows\system32;C:\Windows;c:/Program Files/Java/jdk1.7.0_01/bin/../jre/bin/server;c:/Program Files/Java/jdk1.7.0_01/bin/../jre/bin;c:/Program Files/Java/jdk1.7.0_01/bin/../jre/lib/amd64;C:\Program Files\Common Files\Microsoft Shared\Windows Live;C:\Program Files (x86)\Common Files\Microsoft Shared\Windows Live;C:\Ruby193\bin;c:\Program Files\Java\jdk1.7.0_01\bin;c:\dev\jre7\bin;c:\dev\maven\bin;c:\MinGW\bin;\c:\cygwin\bin;C:\Perl64\site\bin;C:\Perl64\bin;C:\Program Files (x86)\PHP\;C:\Program Files (x86)\Windows Resource Kits\Tools\;C:\Program Files (x86)\CollabNet\Subversion Client;C:\Windows\system32;C:\Windows;C:\Windows\System32\Wbem;C:\Windows\System32\WindowsPowerShell\v1.0\;C:\Program Files (x86)\ATI Technologies\ATI.ACE\Core-Static;c:\Program Files (x86)\Common Files\Roxio Shared\DLLShared\;c:\Program Files (x86)\Common Files\Roxio Shared\DLLShared\;c:\Program Files (x86)\Common Files\Roxio Shared\12.0\DLLShared\;c:\data\programming\python312\python.exe;J:\Subversion\bin;C:\Program Files\TortoiseSVN\bin;C:\svn\bin;C:\Program Files (x86)\Pinnacle\Shared Files\;C:\Program Files (x86)\Pinnacle\Shared Files\Filter\;C:\Program Files (x86)\Windows Live\Shared;c:\date\programming\selenium-chrome-driver\chromedriver.exe;J:\data\apache-ant-1.8.2\bin;C:\Program Files (x86)\QuickTime\QTSystem\;C:\Program Files (x86)\Subversion\bin;C:\Program Files (x86)\Java\jre1.6.0_24\bin\java.exe;C:\data\programming\ant\apache-ant-1.8.4/bin;%M2_HOME%/bin;C:\data\programming\ant\apache-ant-1.8.4\bin;C:\data\programming\eclipse-juno;;." />
    <property name="java.vendor.url" value="http://java.oracle.com/" />
    <property name="java.vm.vendor" value="Oracle Corporation" />
    <property name="java.runtime.name" value="Java(TM) SE Runtime Environment" />
    <property name="sun.java.command" value="org.apache.tools.ant.taskdefs.optional.junit.JUnitTestRunner org.newvisionpress.test.TestLinks filtertrace=true haltOnError=false haltOnFailure=false formatter=org.apache.tools.ant.taskdefs.optional.junit.SummaryJUnitResultFormatter showoutput=true outputtoformatters=true logfailedtests=true logtestlistenerevents=false formatter=org.apache.tools.ant.taskdefs.optional.junit.XMLJUnitResultFormatter,J:\data\workspace\nvcpress-web30\reports\raw\TEST-org.newvisionpress.test.TestLinks.xml crashfile=J:\data\workspace\nvcpress-web30\junitvmwatcher104612803336263172.properties propsfile=J:\data\workspace\nvcpress-web30\junit7027035851870932995.properties" />
    <property name="java.class.path" value="J:\data\workspace\nvcpress-web30\build;J:\data\workspace\nvcpress-web30\lib\guice-3.0.jar;J:\data\workspace\nvcpress-web30\lib\hamcrest-library-1.3.jar;J:\data\workspace\nvcpress-web30\lib\jqueryWTP0.40foCn.jar;J:\data\workspace\nvcpress-web30\lib\junit-4.8.1.jar;J:\data\workspace\nvcpress-web30\lib\jxl.jar;J:\data\workspace\nvcpress-web30\lib\org.testng.eclipse_6.1.1.20110823_1537.jar;J:\data\workspace\nvcpress-web30\lib\reportng-1.1.3.jar;J:\data\workspace\nvcpress-web30\lib\selenium-java-2.5.0-srcs.jar;J:\data\workspace\nvcpress-web30\lib\selenium-java-2.5.0.jar;J:\data\workspace\nvcpress-web30\lib\selenium-server-standalone-2.25.0.jar;J:\data\workspace\nvcpress-web30\lib\selenium-server-standalone-2.5.0.jar;J:\data\workspace\nvcpress-web30\lib\slf4j-log4j12-1.7.2.jar;J:\data\workspace\nvcpress-web30\lib\velocity-dep-1.4.jar;J:\data\workspace\nvcpress-web30;C:\data\programming\eclipse-juno\plugins\org.apache.ant_1.8.3.v20120321-1730\lib\ant-launcher.jar;C:\data\programming\eclipse-juno\plugins\org.apache.ant_1.8.3.v20120321-1730\lib\ant.jar;C:\data\programming\eclipse-juno\plugins\org.apache.ant_1.8.3.v20120321-1730\lib\ant-junit.jar;C:\data\programming\eclipse-juno\plugins\org.apache.ant_1.8.3.v20120321-1730\lib\ant-junit4.jar" />
    <property name="ant.version" value="Apache Ant(TM) version 1.8.3 compiled on February 26 2012" />
    <property name="jar_name" value="nvcpress-web30.jar" />
    <property name="TSTAMP" value="2327" />
    <property name="war_name" value="nvcpress-web30.war" />
    <property name="java.vm.specification.name" value="Java Virtual Machine Specification" />
    <property name="java.vm.specification.version" value="1.7" />
    <property name="sun.cpu.endian" value="little" />
    <property name="sun.os.patch.level" value="Service Pack 1" />
    <property name="eclipse.pdebuild.home" value="/C:/data/programming/eclipse-juno/plugins/org.eclipse.pde.build_3.8.1.v20120725-202643/./" />
    <property name="java.io.tmpdir" value="C:\Users\Heedon\AppData\Local\Temp\" />
    <property name="ant.file.type.nvcpress-web30" value="file" />
    <property name="java.vendor.url.bug" value="http://bugreport.sun.com/bugreport/" />
    <property name="os.arch" value="amd64" />
    <property name="java.awt.graphicsenv" value="sun.awt.Win32GraphicsEnvironment" />
    <property name="java.ext.dirs" value="C:\Program Files\Java\jdk1.7.0_01\jre\lib\ext;C:\Windows\Sun\Java\lib\ext" />
    <property name="user.dir" value="J:\data\workspace\nvcpress-web30" />
    <property name="line.separator" value="&#xd;&#xa;" />
    <property name="java.vm.name" value="Java HotSpot(TM) 64-Bit Server VM" />
    <property name="basedir" value="J:\data\workspace\nvcpress-web30" />
    <property name="ant.java.version" value="1.7" />
    <property name="ant.core.lib" value="C:\data\programming\eclipse-juno\plugins\org.apache.ant_1.8.3.v20120321-1730\lib\ant.jar" />
    <property name="file.encoding" value="Cp1252" />
    <property name="java.specification.version" value="1.7" />
    <property name="ant.project.invoked-targets" value="test" />
  </properties>
  <testcase classname="org.newvisionpress.test.TestLinks" name="initializationError" time="0.006">
    <error message="No runnable methods" type="java.lang.Exception">java.lang.Exception: No runnable methods
	at java.lang.reflect.Constructor.newInstance(Constructor.java:525)
</error>
  </testcase>
  <system-out><![CDATA[]]></system-out>
  <system-err><![CDATA[]]></system-err>
</testsuite>
